<?xml version="1.0" encoding="UTF-8"?>
<!-- Generated by org.testng.reporters.JUnitReportReporter -->
<testsuite skipped="0" hostname="XMCHEMAC010.corp.xome.com" name="tests.tests.signInTest" tests="1" failures="0" timestamp="17 May 2019 09:06:37 GMT" time="6.498" errors="0">
  <testcase name="signIn" time="6.498" classname="tests.tests.signInTest"/>
</testsuite> <!-- tests.tests.signInTest -->
